{
  "0 debug pnpm:scope": {
    "selected": 1
  },
  "1 info pnpm": {
    "err": {
      "name": "Error",
      "message": "not found: instal",
      "code": "ENOENT",
      "stack": "Error: not found: instal\n    at getNotFoundError (/Users/rajahafify/.asdf/installs/nodejs/14.16.1/.npm/lib/node_modules/pnpm/dist/pnpm.cjs:36327:51)\n    at Function.whichSync [as sync] (/Users/rajahafify/.asdf/installs/nodejs/14.16.1/.npm/lib/node_modules/pnpm/dist/pnpm.cjs:36404:13)\n    at getCommandAbsolutePathSync (/Users/rajahafify/.asdf/installs/nodejs/14.16.1/.npm/lib/node_modules/pnpm/dist/pnpm.cjs:37969:44)\n    at default_1 (/Users/rajahafify/.asdf/installs/nodejs/14.16.1/.npm/lib/node_modules/pnpm/dist/pnpm.cjs:37978:32)\n    at /Users/rajahafify/.asdf/installs/nodejs/14.16.1/.npm/lib/node_modules/pnpm/dist/pnpm.cjs:130156:39"
    }
  },
  "2 error pnpm": {
    "code": "ERR_PNPM_RECURSIVE_EXEC_FIRST_FAIL",
    "prefix": "/Users/rajahafify/Documents/work/tadaa/tada",
    "err": {
      "name": "pnpm",
      "message": "not found: instal",
      "code": "ERR_PNPM_RECURSIVE_EXEC_FIRST_FAIL",
      "stack": "Error: not found: instal\n    at getNotFoundError (/Users/rajahafify/.asdf/installs/nodejs/14.16.1/.npm/lib/node_modules/pnpm/dist/pnpm.cjs:36327:51)\n    at Function.whichSync [as sync] (/Users/rajahafify/.asdf/installs/nodejs/14.16.1/.npm/lib/node_modules/pnpm/dist/pnpm.cjs:36404:13)\n    at getCommandAbsolutePathSync (/Users/rajahafify/.asdf/installs/nodejs/14.16.1/.npm/lib/node_modules/pnpm/dist/pnpm.cjs:37969:44)\n    at default_1 (/Users/rajahafify/.asdf/installs/nodejs/14.16.1/.npm/lib/node_modules/pnpm/dist/pnpm.cjs:37978:32)\n    at /Users/rajahafify/.asdf/installs/nodejs/14.16.1/.npm/lib/node_modules/pnpm/dist/pnpm.cjs:130156:39"
    }
  }
}